<?xml version="1.0" encoding="UTF-8"?>
<testsuites name="Negative_Test_Suite" time="285.483" tests="2" failures="0" errors="0">
   <testsuite name="Negative_Test_Suite" tests="2" failures="0" errors="0" time="285.483" skipped="0" timestamp="2022-05-15 06:38:39" hostname="Hans-Mustofa - DESKTOP-MP0UU16" id="Test Suites/Regression_Mobile/Negative_Test_Suite">
      <properties>
         <property name="deviceName" value="Xiaomi M2102J20SG (Android 12)"/>
         <property name="devicePlatform" value=""/>
         <property name="logFolder" value="C:\\Users\\Hans-Mustofa\\Katalon Studio\\Testing-Mobile-Mini-Project-Hans\\Reports\\20220515_063724\\Regression_Mobile\\Negative_Test_Suite\\20220515_063724"/>
         <property name="logFiles" value="C:\\Users\\Hans-Mustofa\\Katalon Studio\\Testing-Mobile-Mini-Project-Hans\\Reports\\20220515_063724\\Regression_Mobile\\Negative_Test_Suite\\20220515_063724\\appium.log, C:\\Users\\Hans-Mustofa\\Katalon Studio\\Testing-Mobile-Mini-Project-Hans\\Reports\\20220515_063724\\Regression_Mobile\\Negative_Test_Suite\\20220515_063724\\execution0.log"/>
         <property name="attachments" value=""/>
         <property name="hostName" value="Hans-Mustofa - DESKTOP-MP0UU16"/>
         <property name="os" value="Windows 10 64bit"/>
         <property name="appiumServerStatus" value="{&quot;value&quot;:{&quot;build&quot;:{&quot;version&quot;:&quot;1.22.3&quot;}},&quot;sessionId&quot;:null,&quot;status&quot;:0}"/>
         <property name="katalonVersion" value="8.2.5.208"/>
         <property name="deviceOS" value="Android"/>
         <property name="appiumVersion" value="1.22.3"/>
         <property name="deviceModel" value="M2102J20SG"/>
         <property name="hostAddress" value="192.168.173.1"/>
         <property name="deviceManufacturer" value="Xiaomi"/>
         <property name="deviceId" value="20256468"/>
         <property name="deviceName" value="Xiaomi M2102J20SG (Android 12)"/>
         <property name="deviceOSVersion" value="12"/>
      </properties>
      <testcase name="Test Cases/Negative_Test_Case/TC01_Register_Negative" time="152.917" classname="Test Cases/Negative_Test_Case/TC01_Register_Negative" status="PASSED">
         <system-out><![CDATA[2022-05-15 06:38:39 - [TEST_CASE][PASSED] - Test Cases/Negative_Test_Case/TC01_Register_Negative: Test Cases/Negative_Test_Case/TC01_Register_Negative

2022-05-15 06:38:40 - [TEST_STEP][PASSED] - for ([i = 1, i <= 6, (i++)]): Tapped on element 'Object Repository/Object_Register/submit_register_btn'

2022-05-15 06:38:40 - [TEST_STEP][PASSED] - startApplication("C:\Users\Hans-Mustofa\Documents\alta-online-shop.apk", false): Started app at: 'C:\Users\Hans-Mustofa\Documents\alta-online-shop.apk'

2022-05-15 06:38:45 - [MESSAGE][INFO] - Appium server started on port 58.110

2022-05-15 06:39:09 - [MESSAGE][PASSED] - Started app at: 'C:\Users\Hans-Mustofa\Documents\alta-online-shop.apk'

2022-05-15 06:39:09 - [TEST_STEP][PASSED] - tap(findTestObject("Object_Register/goto_Login_btn"), 0): Tapped on element 'Object Repository/Object_Register/goto_Login_btn'

2022-05-15 06:39:09 - [MESSAGE][WARNING] - Timeout '0' is invalid. Using default page load timeout: '30'

2022-05-15 06:39:11 - [MESSAGE][PASSED] - Tapped on element 'Object Repository/Object_Register/goto_Login_btn'

2022-05-15 06:39:11 - [TEST_STEP][PASSED] - tap(findTestObject("Object_Register/register_btn"), 0): Tapped on element 'Object Repository/Object_Register/register_btn'

2022-05-15 06:39:11 - [MESSAGE][WARNING] - Timeout '0' is invalid. Using default page load timeout: '30'

2022-05-15 06:39:12 - [MESSAGE][PASSED] - Tapped on element 'Object Repository/Object_Register/register_btn'

2022-05-15 06:39:12 - [TEST_STEP][PASSED] - tap(findTestObject("Object_Register/tap_username"), 0): Tapped on element 'Object Repository/Object_Register/tap_username'

2022-05-15 06:39:13 - [MESSAGE][WARNING] - Timeout '0' is invalid. Using default page load timeout: '30'

2022-05-15 06:39:13 - [MESSAGE][PASSED] - Tapped on element 'Object Repository/Object_Register/tap_username'

2022-05-15 06:39:13 - [TEST_STEP][PASSED] - setText(findTestObject("Object_Register/set_text_username"), "hans123", 0): Text 'hans123' has been set to element 'Object Repository/Object_Register/set_text_username'

2022-05-15 06:39:13 - [MESSAGE][WARNING] - Timeout '0' is invalid. Using default page load timeout: '30'

2022-05-15 06:39:15 - [MESSAGE][PASSED] - Text 'hans123' has been set to element 'Object Repository/Object_Register/set_text_username'

2022-05-15 06:39:15 - [TEST_STEP][PASSED] - tap(findTestObject("Object_Register/tap_email"), 0): Tapped on element 'Object Repository/Object_Register/tap_email'

2022-05-15 06:39:15 - [MESSAGE][WARNING] - Timeout '0' is invalid. Using default page load timeout: '30'

2022-05-15 06:39:16 - [MESSAGE][PASSED] - Tapped on element 'Object Repository/Object_Register/tap_email'

2022-05-15 06:39:16 - [TEST_STEP][PASSED] - setText(findTestObject("Object_Register/set_text_email"), "hansa3@email.com", 0): Text 'hansa3@email.com' has been set to element 'Object Repository/Object_Register/set_text_email'

2022-05-15 06:39:16 - [MESSAGE][WARNING] - Timeout '0' is invalid. Using default page load timeout: '30'

2022-05-15 06:39:17 - [MESSAGE][PASSED] - Text 'hansa3@email.com' has been set to element 'Object Repository/Object_Register/set_text_email'

2022-05-15 06:39:17 - [TEST_STEP][PASSED] - tap(findTestObject("Object_Register/tap_password"), 0): Tapped on element 'Object Repository/Object_Register/tap_password'

2022-05-15 06:39:17 - [MESSAGE][WARNING] - Timeout '0' is invalid. Using default page load timeout: '30'

2022-05-15 06:39:18 - [MESSAGE][PASSED] - Tapped on element 'Object Repository/Object_Register/tap_password'

2022-05-15 06:39:18 - [TEST_STEP][PASSED] - setText(findTestObject("Object_Register/set_text_password"), "123123bandung", 0): Text '123123bandung' has been set to element 'Object Repository/Object_Register/set_text_password'

2022-05-15 06:39:18 - [MESSAGE][WARNING] - Timeout '0' is invalid. Using default page load timeout: '30'

2022-05-15 06:39:18 - [MESSAGE][PASSED] - Text '123123bandung' has been set to element 'Object Repository/Object_Register/set_text_password'

2022-05-15 06:39:18 - [TEST_STEP][PASSED] - tap(findTestObject("Object_Register/submit_register_btn"), 0): Tapped on element 'Object Repository/Object_Register/submit_register_btn'

2022-05-15 06:39:19 - [MESSAGE][WARNING] - Timeout '0' is invalid. Using default page load timeout: '30'

2022-05-15 06:39:20 - [MESSAGE][PASSED] - Tapped on element 'Object Repository/Object_Register/submit_register_btn'

2022-05-15 06:39:20 - [TEST_STEP][PASSED] - startApplication("C:\Users\Hans-Mustofa\Documents\alta-online-shop.apk", false): Started app at: 'C:\Users\Hans-Mustofa\Documents\alta-online-shop.apk'

2022-05-15 06:39:32 - [MESSAGE][PASSED] - Started app at: 'C:\Users\Hans-Mustofa\Documents\alta-online-shop.apk'

2022-05-15 06:39:32 - [TEST_STEP][PASSED] - tap(findTestObject("Object_Register/goto_Login_btn"), 0): Tapped on element 'Object Repository/Object_Register/goto_Login_btn'

2022-05-15 06:39:33 - [MESSAGE][WARNING] - Timeout '0' is invalid. Using default page load timeout: '30'

2022-05-15 06:39:33 - [MESSAGE][PASSED] - Tapped on element 'Object Repository/Object_Register/goto_Login_btn'

2022-05-15 06:39:33 - [TEST_STEP][PASSED] - tap(findTestObject("Object_Register/register_btn"), 0): Tapped on element 'Object Repository/Object_Register/register_btn'

2022-05-15 06:39:33 - [MESSAGE][WARNING] - Timeout '0' is invalid. Using default page load timeout: '30'

2022-05-15 06:39:35 - [MESSAGE][PASSED] - Tapped on element 'Object Repository/Object_Register/register_btn'

2022-05-15 06:39:35 - [TEST_STEP][PASSED] - tap(findTestObject("Object_Register/tap_username"), 0): Tapped on element 'Object Repository/Object_Register/tap_username'

2022-05-15 06:39:35 - [MESSAGE][WARNING] - Timeout '0' is invalid. Using default page load timeout: '30'

2022-05-15 06:39:35 - [MESSAGE][PASSED] - Tapped on element 'Object Repository/Object_Register/tap_username'

2022-05-15 06:39:35 - [TEST_STEP][PASSED] - setText(findTestObject("Object_Register/set_text_username"), "hans123", 0): Text 'hans123' has been set to element 'Object Repository/Object_Register/set_text_username'

2022-05-15 06:39:36 - [MESSAGE][WARNING] - Timeout '0' is invalid. Using default page load timeout: '30'

2022-05-15 06:39:37 - [MESSAGE][PASSED] - Text 'hans123' has been set to element 'Object Repository/Object_Register/set_text_username'

2022-05-15 06:39:37 - [TEST_STEP][PASSED] - tap(findTestObject("Object_Register/tap_email"), 0): Tapped on element 'Object Repository/Object_Register/tap_email'

2022-05-15 06:39:37 - [MESSAGE][WARNING] - Timeout '0' is invalid. Using default page load timeout: '30'

2022-05-15 06:39:38 - [MESSAGE][PASSED] - Tapped on element 'Object Repository/Object_Register/tap_email'

2022-05-15 06:39:38 - [TEST_STEP][PASSED] - setText(findTestObject("Object_Register/set_text_email"), "hansa3@email.com", 0): Text 'hansa3@email.com' has been set to element 'Object Repository/Object_Register/set_text_email'

2022-05-15 06:39:38 - [MESSAGE][WARNING] - Timeout '0' is invalid. Using default page load timeout: '30'

2022-05-15 06:39:39 - [MESSAGE][PASSED] - Text 'hansa3@email.com' has been set to element 'Object Repository/Object_Register/set_text_email'

2022-05-15 06:39:39 - [TEST_STEP][PASSED] - tap(findTestObject("Object_Register/tap_password"), 0): Tapped on element 'Object Repository/Object_Register/tap_password'

2022-05-15 06:39:39 - [MESSAGE][WARNING] - Timeout '0' is invalid. Using default page load timeout: '30'

2022-05-15 06:39:40 - [MESSAGE][PASSED] - Tapped on element 'Object Repository/Object_Register/tap_password'

2022-05-15 06:39:40 - [TEST_STEP][PASSED] - setText(findTestObject("Object_Register/set_text_password"), "123123bandung", 0): Text '123123bandung' has been set to element 'Object Repository/Object_Register/set_text_password'

2022-05-15 06:39:40 - [MESSAGE][WARNING] - Timeout '0' is invalid. Using default page load timeout: '30'

2022-05-15 06:39:41 - [MESSAGE][PASSED] - Text '123123bandung' has been set to element 'Object Repository/Object_Register/set_text_password'

2022-05-15 06:39:41 - [TEST_STEP][PASSED] - tap(findTestObject("Object_Register/submit_register_btn"), 0): Tapped on element 'Object Repository/Object_Register/submit_register_btn'

2022-05-15 06:39:41 - [MESSAGE][WARNING] - Timeout '0' is invalid. Using default page load timeout: '30'

2022-05-15 06:39:43 - [MESSAGE][PASSED] - Tapped on element 'Object Repository/Object_Register/submit_register_btn'

2022-05-15 06:39:43 - [TEST_STEP][PASSED] - startApplication("C:\Users\Hans-Mustofa\Documents\alta-online-shop.apk", false): Started app at: 'C:\Users\Hans-Mustofa\Documents\alta-online-shop.apk'

2022-05-15 06:39:55 - [MESSAGE][PASSED] - Started app at: 'C:\Users\Hans-Mustofa\Documents\alta-online-shop.apk'

2022-05-15 06:39:55 - [TEST_STEP][PASSED] - tap(findTestObject("Object_Register/goto_Login_btn"), 0): Tapped on element 'Object Repository/Object_Register/goto_Login_btn'

2022-05-15 06:39:55 - [MESSAGE][WARNING] - Timeout '0' is invalid. Using default page load timeout: '30'

2022-05-15 06:39:55 - [MESSAGE][PASSED] - Tapped on element 'Object Repository/Object_Register/goto_Login_btn'

2022-05-15 06:39:55 - [TEST_STEP][PASSED] - tap(findTestObject("Object_Register/register_btn"), 0): Tapped on element 'Object Repository/Object_Register/register_btn'

2022-05-15 06:39:55 - [MESSAGE][WARNING] - Timeout '0' is invalid. Using default page load timeout: '30'

2022-05-15 06:39:57 - [MESSAGE][PASSED] - Tapped on element 'Object Repository/Object_Register/register_btn'

2022-05-15 06:39:57 - [TEST_STEP][PASSED] - tap(findTestObject("Object_Register/tap_username"), 0): Tapped on element 'Object Repository/Object_Register/tap_username'

2022-05-15 06:39:57 - [MESSAGE][WARNING] - Timeout '0' is invalid. Using default page load timeout: '30'

2022-05-15 06:39:58 - [MESSAGE][PASSED] - Tapped on element 'Object Repository/Object_Register/tap_username'

2022-05-15 06:39:58 - [TEST_STEP][PASSED] - setText(findTestObject("Object_Register/set_text_username"), "hans123", 0): Text 'hans123' has been set to element 'Object Repository/Object_Register/set_text_username'

2022-05-15 06:39:59 - [MESSAGE][WARNING] - Timeout '0' is invalid. Using default page load timeout: '30'

2022-05-15 06:40:01 - [MESSAGE][PASSED] - Text 'hans123' has been set to element 'Object Repository/Object_Register/set_text_username'

2022-05-15 06:40:01 - [TEST_STEP][PASSED] - tap(findTestObject("Object_Register/tap_email"), 0): Tapped on element 'Object Repository/Object_Register/tap_email'

2022-05-15 06:40:01 - [MESSAGE][WARNING] - Timeout '0' is invalid. Using default page load timeout: '30'

2022-05-15 06:40:01 - [MESSAGE][PASSED] - Tapped on element 'Object Repository/Object_Register/tap_email'

2022-05-15 06:40:01 - [TEST_STEP][PASSED] - setText(findTestObject("Object_Register/set_text_email"), "hansa3@email.com", 0): Text 'hansa3@email.com' has been set to element 'Object Repository/Object_Register/set_text_email'

2022-05-15 06:40:02 - [MESSAGE][WARNING] - Timeout '0' is invalid. Using default page load timeout: '30'

2022-05-15 06:40:02 - [MESSAGE][PASSED] - Text 'hansa3@email.com' has been set to element 'Object Repository/Object_Register/set_text_email'

2022-05-15 06:40:02 - [TEST_STEP][PASSED] - tap(findTestObject("Object_Register/tap_password"), 0): Tapped on element 'Object Repository/Object_Register/tap_password'

2022-05-15 06:40:02 - [MESSAGE][WARNING] - Timeout '0' is invalid. Using default page load timeout: '30'

2022-05-15 06:40:03 - [MESSAGE][PASSED] - Tapped on element 'Object Repository/Object_Register/tap_password'

2022-05-15 06:40:03 - [TEST_STEP][PASSED] - setText(findTestObject("Object_Register/set_text_password"), "123123bandung", 0): Text '123123bandung' has been set to element 'Object Repository/Object_Register/set_text_password'

2022-05-15 06:40:03 - [MESSAGE][WARNING] - Timeout '0' is invalid. Using default page load timeout: '30'

2022-05-15 06:40:04 - [MESSAGE][PASSED] - Text '123123bandung' has been set to element 'Object Repository/Object_Register/set_text_password'

2022-05-15 06:40:04 - [TEST_STEP][PASSED] - tap(findTestObject("Object_Register/submit_register_btn"), 0): Tapped on element 'Object Repository/Object_Register/submit_register_btn'

2022-05-15 06:40:04 - [MESSAGE][WARNING] - Timeout '0' is invalid. Using default page load timeout: '30'

2022-05-15 06:40:05 - [MESSAGE][PASSED] - Tapped on element 'Object Repository/Object_Register/submit_register_btn'

2022-05-15 06:40:05 - [TEST_STEP][PASSED] - startApplication("C:\Users\Hans-Mustofa\Documents\alta-online-shop.apk", false): Started app at: 'C:\Users\Hans-Mustofa\Documents\alta-online-shop.apk'

2022-05-15 06:40:17 - [MESSAGE][PASSED] - Started app at: 'C:\Users\Hans-Mustofa\Documents\alta-online-shop.apk'

2022-05-15 06:40:17 - [TEST_STEP][PASSED] - tap(findTestObject("Object_Register/goto_Login_btn"), 0): Tapped on element 'Object Repository/Object_Register/goto_Login_btn'

2022-05-15 06:40:17 - [MESSAGE][WARNING] - Timeout '0' is invalid. Using default page load timeout: '30'

2022-05-15 06:40:19 - [MESSAGE][PASSED] - Tapped on element 'Object Repository/Object_Register/goto_Login_btn'

2022-05-15 06:40:19 - [TEST_STEP][PASSED] - tap(findTestObject("Object_Register/register_btn"), 0): Tapped on element 'Object Repository/Object_Register/register_btn'

2022-05-15 06:40:19 - [MESSAGE][WARNING] - Timeout '0' is invalid. Using default page load timeout: '30'

2022-05-15 06:40:19 - [MESSAGE][PASSED] - Tapped on element 'Object Repository/Object_Register/register_btn'

2022-05-15 06:40:19 - [TEST_STEP][PASSED] - tap(findTestObject("Object_Register/tap_username"), 0): Tapped on element 'Object Repository/Object_Register/tap_username'

2022-05-15 06:40:19 - [MESSAGE][WARNING] - Timeout '0' is invalid. Using default page load timeout: '30'

2022-05-15 06:40:20 - [MESSAGE][PASSED] - Tapped on element 'Object Repository/Object_Register/tap_username'

2022-05-15 06:40:20 - [TEST_STEP][PASSED] - setText(findTestObject("Object_Register/set_text_username"), "hans123", 0): Text 'hans123' has been set to element 'Object Repository/Object_Register/set_text_username'

2022-05-15 06:40:20 - [MESSAGE][WARNING] - Timeout '0' is invalid. Using default page load timeout: '30'

2022-05-15 06:40:22 - [MESSAGE][PASSED] - Text 'hans123' has been set to element 'Object Repository/Object_Register/set_text_username'

2022-05-15 06:40:22 - [TEST_STEP][PASSED] - tap(findTestObject("Object_Register/tap_email"), 0): Tapped on element 'Object Repository/Object_Register/tap_email'

2022-05-15 06:40:22 - [MESSAGE][WARNING] - Timeout '0' is invalid. Using default page load timeout: '30'

2022-05-15 06:40:24 - [MESSAGE][PASSED] - Tapped on element 'Object Repository/Object_Register/tap_email'

2022-05-15 06:40:24 - [TEST_STEP][PASSED] - setText(findTestObject("Object_Register/set_text_email"), "hansa3@email.com", 0): Text 'hansa3@email.com' has been set to element 'Object Repository/Object_Register/set_text_email'

2022-05-15 06:40:24 - [MESSAGE][WARNING] - Timeout '0' is invalid. Using default page load timeout: '30'

2022-05-15 06:40:24 - [MESSAGE][PASSED] - Text 'hansa3@email.com' has been set to element 'Object Repository/Object_Register/set_text_email'

2022-05-15 06:40:24 - [TEST_STEP][PASSED] - tap(findTestObject("Object_Register/tap_password"), 0): Tapped on element 'Object Repository/Object_Register/tap_password'

2022-05-15 06:40:25 - [MESSAGE][WARNING] - Timeout '0' is invalid. Using default page load timeout: '30'

2022-05-15 06:40:25 - [MESSAGE][PASSED] - Tapped on element 'Object Repository/Object_Register/tap_password'

2022-05-15 06:40:25 - [TEST_STEP][PASSED] - setText(findTestObject("Object_Register/set_text_password"), "123123bandung", 0): Text '123123bandung' has been set to element 'Object Repository/Object_Register/set_text_password'

2022-05-15 06:40:25 - [MESSAGE][WARNING] - Timeout '0' is invalid. Using default page load timeout: '30'

2022-05-15 06:40:27 - [MESSAGE][PASSED] - Text '123123bandung' has been set to element 'Object Repository/Object_Register/set_text_password'

2022-05-15 06:40:27 - [TEST_STEP][PASSED] - tap(findTestObject("Object_Register/submit_register_btn"), 0): Tapped on element 'Object Repository/Object_Register/submit_register_btn'

2022-05-15 06:40:27 - [MESSAGE][WARNING] - Timeout '0' is invalid. Using default page load timeout: '30'

2022-05-15 06:40:28 - [MESSAGE][PASSED] - Tapped on element 'Object Repository/Object_Register/submit_register_btn'

2022-05-15 06:40:28 - [TEST_STEP][PASSED] - startApplication("C:\Users\Hans-Mustofa\Documents\alta-online-shop.apk", false): Started app at: 'C:\Users\Hans-Mustofa\Documents\alta-online-shop.apk'

2022-05-15 06:40:40 - [MESSAGE][PASSED] - Started app at: 'C:\Users\Hans-Mustofa\Documents\alta-online-shop.apk'

2022-05-15 06:40:40 - [TEST_STEP][PASSED] - tap(findTestObject("Object_Register/goto_Login_btn"), 0): Tapped on element 'Object Repository/Object_Register/goto_Login_btn'

2022-05-15 06:40:40 - [MESSAGE][WARNING] - Timeout '0' is invalid. Using default page load timeout: '30'

2022-05-15 06:40:40 - [MESSAGE][PASSED] - Tapped on element 'Object Repository/Object_Register/goto_Login_btn'

2022-05-15 06:40:40 - [TEST_STEP][PASSED] - tap(findTestObject("Object_Register/register_btn"), 0): Tapped on element 'Object Repository/Object_Register/register_btn'

2022-05-15 06:40:40 - [MESSAGE][WARNING] - Timeout '0' is invalid. Using default page load timeout: '30'

2022-05-15 06:40:43 - [MESSAGE][PASSED] - Tapped on element 'Object Repository/Object_Register/register_btn'

2022-05-15 06:40:43 - [TEST_STEP][PASSED] - tap(findTestObject("Object_Register/tap_username"), 0): Tapped on element 'Object Repository/Object_Register/tap_username'

2022-05-15 06:40:43 - [MESSAGE][WARNING] - Timeout '0' is invalid. Using default page load timeout: '30'

2022-05-15 06:40:43 - [MESSAGE][PASSED] - Tapped on element 'Object Repository/Object_Register/tap_username'

2022-05-15 06:40:43 - [TEST_STEP][PASSED] - setText(findTestObject("Object_Register/set_text_username"), "hans123", 0): Text 'hans123' has been set to element 'Object Repository/Object_Register/set_text_username'

2022-05-15 06:40:43 - [MESSAGE][WARNING] - Timeout '0' is invalid. Using default page load timeout: '30'

2022-05-15 06:40:45 - [MESSAGE][PASSED] - Text 'hans123' has been set to element 'Object Repository/Object_Register/set_text_username'

2022-05-15 06:40:45 - [TEST_STEP][PASSED] - tap(findTestObject("Object_Register/tap_email"), 0): Tapped on element 'Object Repository/Object_Register/tap_email'

2022-05-15 06:40:45 - [MESSAGE][WARNING] - Timeout '0' is invalid. Using default page load timeout: '30'

2022-05-15 06:40:46 - [MESSAGE][PASSED] - Tapped on element 'Object Repository/Object_Register/tap_email'

2022-05-15 06:40:46 - [TEST_STEP][PASSED] - setText(findTestObject("Object_Register/set_text_email"), "hansa3@email.com", 0): Text 'hansa3@email.com' has been set to element 'Object Repository/Object_Register/set_text_email'

2022-05-15 06:40:46 - [MESSAGE][WARNING] - Timeout '0' is invalid. Using default page load timeout: '30'

2022-05-15 06:40:46 - [MESSAGE][PASSED] - Text 'hansa3@email.com' has been set to element 'Object Repository/Object_Register/set_text_email'

2022-05-15 06:40:46 - [TEST_STEP][PASSED] - tap(findTestObject("Object_Register/tap_password"), 0): Tapped on element 'Object Repository/Object_Register/tap_password'

2022-05-15 06:40:47 - [MESSAGE][WARNING] - Timeout '0' is invalid. Using default page load timeout: '30'

2022-05-15 06:40:47 - [MESSAGE][PASSED] - Tapped on element 'Object Repository/Object_Register/tap_password'

2022-05-15 06:40:47 - [TEST_STEP][PASSED] - setText(findTestObject("Object_Register/set_text_password"), "123123bandung", 0): Text '123123bandung' has been set to element 'Object Repository/Object_Register/set_text_password'

2022-05-15 06:40:47 - [MESSAGE][WARNING] - Timeout '0' is invalid. Using default page load timeout: '30'

2022-05-15 06:40:48 - [MESSAGE][PASSED] - Text '123123bandung' has been set to element 'Object Repository/Object_Register/set_text_password'

2022-05-15 06:40:48 - [TEST_STEP][PASSED] - tap(findTestObject("Object_Register/submit_register_btn"), 0): Tapped on element 'Object Repository/Object_Register/submit_register_btn'

2022-05-15 06:40:48 - [MESSAGE][WARNING] - Timeout '0' is invalid. Using default page load timeout: '30'

2022-05-15 06:40:49 - [MESSAGE][PASSED] - Tapped on element 'Object Repository/Object_Register/submit_register_btn'

2022-05-15 06:40:49 - [TEST_STEP][PASSED] - startApplication("C:\Users\Hans-Mustofa\Documents\alta-online-shop.apk", false): Started app at: 'C:\Users\Hans-Mustofa\Documents\alta-online-shop.apk'

2022-05-15 06:41:01 - [MESSAGE][PASSED] - Started app at: 'C:\Users\Hans-Mustofa\Documents\alta-online-shop.apk'

2022-05-15 06:41:01 - [TEST_STEP][PASSED] - tap(findTestObject("Object_Register/goto_Login_btn"), 0): Tapped on element 'Object Repository/Object_Register/goto_Login_btn'

2022-05-15 06:41:01 - [MESSAGE][WARNING] - Timeout '0' is invalid. Using default page load timeout: '30'

2022-05-15 06:41:01 - [MESSAGE][PASSED] - Tapped on element 'Object Repository/Object_Register/goto_Login_btn'

2022-05-15 06:41:01 - [TEST_STEP][PASSED] - tap(findTestObject("Object_Register/register_btn"), 0): Tapped on element 'Object Repository/Object_Register/register_btn'

2022-05-15 06:41:02 - [MESSAGE][WARNING] - Timeout '0' is invalid. Using default page load timeout: '30'

2022-05-15 06:41:03 - [MESSAGE][PASSED] - Tapped on element 'Object Repository/Object_Register/register_btn'

2022-05-15 06:41:03 - [TEST_STEP][PASSED] - tap(findTestObject("Object_Register/tap_username"), 0): Tapped on element 'Object Repository/Object_Register/tap_username'

2022-05-15 06:41:03 - [MESSAGE][WARNING] - Timeout '0' is invalid. Using default page load timeout: '30'

2022-05-15 06:41:04 - [MESSAGE][PASSED] - Tapped on element 'Object Repository/Object_Register/tap_username'

2022-05-15 06:41:04 - [TEST_STEP][PASSED] - setText(findTestObject("Object_Register/set_text_username"), "hans123", 0): Text 'hans123' has been set to element 'Object Repository/Object_Register/set_text_username'

2022-05-15 06:41:04 - [MESSAGE][WARNING] - Timeout '0' is invalid. Using default page load timeout: '30'

2022-05-15 06:41:06 - [MESSAGE][PASSED] - Text 'hans123' has been set to element 'Object Repository/Object_Register/set_text_username'

2022-05-15 06:41:06 - [TEST_STEP][PASSED] - tap(findTestObject("Object_Register/tap_email"), 0): Tapped on element 'Object Repository/Object_Register/tap_email'

2022-05-15 06:41:06 - [MESSAGE][WARNING] - Timeout '0' is invalid. Using default page load timeout: '30'

2022-05-15 06:41:07 - [MESSAGE][PASSED] - Tapped on element 'Object Repository/Object_Register/tap_email'

2022-05-15 06:41:07 - [TEST_STEP][PASSED] - setText(findTestObject("Object_Register/set_text_email"), "hansa3@email.com", 0): Text 'hansa3@email.com' has been set to element 'Object Repository/Object_Register/set_text_email'

2022-05-15 06:41:07 - [MESSAGE][WARNING] - Timeout '0' is invalid. Using default page load timeout: '30'

2022-05-15 06:41:08 - [MESSAGE][PASSED] - Text 'hansa3@email.com' has been set to element 'Object Repository/Object_Register/set_text_email'

2022-05-15 06:41:08 - [TEST_STEP][PASSED] - tap(findTestObject("Object_Register/tap_password"), 0): Tapped on element 'Object Repository/Object_Register/tap_password'

2022-05-15 06:41:08 - [MESSAGE][WARNING] - Timeout '0' is invalid. Using default page load timeout: '30'

2022-05-15 06:41:09 - [MESSAGE][PASSED] - Tapped on element 'Object Repository/Object_Register/tap_password'

2022-05-15 06:41:09 - [TEST_STEP][PASSED] - setText(findTestObject("Object_Register/set_text_password"), "123123bandung", 0): Text '123123bandung' has been set to element 'Object Repository/Object_Register/set_text_password'

2022-05-15 06:41:09 - [MESSAGE][WARNING] - Timeout '0' is invalid. Using default page load timeout: '30'

2022-05-15 06:41:10 - [MESSAGE][PASSED] - Text '123123bandung' has been set to element 'Object Repository/Object_Register/set_text_password'

2022-05-15 06:41:10 - [TEST_STEP][PASSED] - tap(findTestObject("Object_Register/submit_register_btn"), 0): Tapped on element 'Object Repository/Object_Register/submit_register_btn'

2022-05-15 06:41:10 - [MESSAGE][WARNING] - Timeout '0' is invalid. Using default page load timeout: '30'

2022-05-15 06:41:11 - [MESSAGE][PASSED] - Tapped on element 'Object Repository/Object_Register/submit_register_btn'

2022-05-15 06:41:11 - [TEST_STEP][PASSED] - closeApplication(): Close app successfully

2022-05-15 06:41:12 - [MESSAGE][PASSED] - Close app successfully]]></system-out>
         <system-err><![CDATA[]]></system-err>
      </testcase>
      <testcase name="Test Cases/Negative_Test_Case/TC02_Login_Negative" time="132.083" classname="Test Cases/Negative_Test_Case/TC02_Login_Negative" status="PASSED">
         <system-out><![CDATA[2022-05-15 06:41:12 - [TEST_CASE][PASSED] - Test Cases/Negative_Test_Case/TC02_Login_Negative: Test Cases/Negative_Test_Case/TC02_Login_Negative

2022-05-15 06:41:13 - [TEST_STEP][PASSED] - for ([i = 1, i <= 7, (i++)]): Tapped on element 'Object Repository/Object_Login/submit_login_btn'

2022-05-15 06:41:13 - [TEST_STEP][PASSED] - startApplication("C:\Users\Hans-Mustofa\Documents\alta-online-shop.apk", false): Started app at: 'C:\Users\Hans-Mustofa\Documents\alta-online-shop.apk'

2022-05-15 06:41:14 - [MESSAGE][INFO] - Appium server started on port 58.830

2022-05-15 06:41:30 - [MESSAGE][PASSED] - Started app at: 'C:\Users\Hans-Mustofa\Documents\alta-online-shop.apk'

2022-05-15 06:41:30 - [TEST_STEP][PASSED] - tap(findTestObject("Object_Register/goto_Login_btn"), 0): Tapped on element 'Object Repository/Object_Register/goto_Login_btn'

2022-05-15 06:41:30 - [MESSAGE][WARNING] - Timeout '0' is invalid. Using default page load timeout: '30'

2022-05-15 06:41:30 - [MESSAGE][PASSED] - Tapped on element 'Object Repository/Object_Register/goto_Login_btn'

2022-05-15 06:41:30 - [TEST_STEP][PASSED] - tap(findTestObject("Object_Login/tap_email"), 0): Tapped on element 'Object Repository/Object_Login/tap_email'

2022-05-15 06:41:30 - [MESSAGE][WARNING] - Timeout '0' is invalid. Using default page load timeout: '30'

2022-05-15 06:41:32 - [MESSAGE][PASSED] - Tapped on element 'Object Repository/Object_Login/tap_email'

2022-05-15 06:41:32 - [TEST_STEP][PASSED] - setText(findTestObject("Object_Login/set_text_email"), "hans@email.com", 0): Text 'hans@email.com' has been set to element 'Object Repository/Object_Login/set_text_email'

2022-05-15 06:41:32 - [MESSAGE][WARNING] - Timeout '0' is invalid. Using default page load timeout: '30'

2022-05-15 06:41:33 - [MESSAGE][PASSED] - Text 'hans@email.com' has been set to element 'Object Repository/Object_Login/set_text_email'

2022-05-15 06:41:33 - [TEST_STEP][PASSED] - tap(findTestObject("Object_Login/tap_password"), 0): Tapped on element 'Object Repository/Object_Login/tap_password'

2022-05-15 06:41:33 - [MESSAGE][WARNING] - Timeout '0' is invalid. Using default page load timeout: '30'

2022-05-15 06:41:34 - [MESSAGE][PASSED] - Tapped on element 'Object Repository/Object_Login/tap_password'

2022-05-15 06:41:34 - [TEST_STEP][PASSED] - setText(findTestObject("Object_Login/set_text_password"), "123123bandung", 0): Text '123123bandung' has been set to element 'Object Repository/Object_Login/set_text_password'

2022-05-15 06:41:34 - [MESSAGE][WARNING] - Timeout '0' is invalid. Using default page load timeout: '30'

2022-05-15 06:41:35 - [MESSAGE][PASSED] - Text '123123bandung' has been set to element 'Object Repository/Object_Login/set_text_password'

2022-05-15 06:41:35 - [TEST_STEP][PASSED] - tap(findTestObject("Object_Login/submit_login_btn"), 0): Tapped on element 'Object Repository/Object_Login/submit_login_btn'

2022-05-15 06:41:35 - [MESSAGE][WARNING] - Timeout '0' is invalid. Using default page load timeout: '30'

2022-05-15 06:41:37 - [MESSAGE][PASSED] - Tapped on element 'Object Repository/Object_Login/submit_login_btn'

2022-05-15 06:41:37 - [TEST_STEP][PASSED] - startApplication("C:\Users\Hans-Mustofa\Documents\alta-online-shop.apk", false): Started app at: 'C:\Users\Hans-Mustofa\Documents\alta-online-shop.apk'

2022-05-15 06:41:48 - [MESSAGE][PASSED] - Started app at: 'C:\Users\Hans-Mustofa\Documents\alta-online-shop.apk'

2022-05-15 06:41:48 - [TEST_STEP][PASSED] - tap(findTestObject("Object_Register/goto_Login_btn"), 0): Tapped on element 'Object Repository/Object_Register/goto_Login_btn'

2022-05-15 06:41:48 - [MESSAGE][WARNING] - Timeout '0' is invalid. Using default page load timeout: '30'

2022-05-15 06:41:49 - [MESSAGE][PASSED] - Tapped on element 'Object Repository/Object_Register/goto_Login_btn'

2022-05-15 06:41:49 - [TEST_STEP][PASSED] - tap(findTestObject("Object_Login/tap_email"), 0): Tapped on element 'Object Repository/Object_Login/tap_email'

2022-05-15 06:41:49 - [MESSAGE][WARNING] - Timeout '0' is invalid. Using default page load timeout: '30'

2022-05-15 06:41:50 - [MESSAGE][PASSED] - Tapped on element 'Object Repository/Object_Login/tap_email'

2022-05-15 06:41:50 - [TEST_STEP][PASSED] - setText(findTestObject("Object_Login/set_text_email"), "hans@email.com", 0): Text 'hans@email.com' has been set to element 'Object Repository/Object_Login/set_text_email'

2022-05-15 06:41:50 - [MESSAGE][WARNING] - Timeout '0' is invalid. Using default page load timeout: '30'

2022-05-15 06:41:51 - [MESSAGE][PASSED] - Text 'hans@email.com' has been set to element 'Object Repository/Object_Login/set_text_email'

2022-05-15 06:41:51 - [TEST_STEP][PASSED] - tap(findTestObject("Object_Login/tap_password"), 0): Tapped on element 'Object Repository/Object_Login/tap_password'

2022-05-15 06:41:52 - [MESSAGE][WARNING] - Timeout '0' is invalid. Using default page load timeout: '30'

2022-05-15 06:41:52 - [MESSAGE][PASSED] - Tapped on element 'Object Repository/Object_Login/tap_password'

2022-05-15 06:41:52 - [TEST_STEP][PASSED] - setText(findTestObject("Object_Login/set_text_password"), "123123bandung", 0): Text '123123bandung' has been set to element 'Object Repository/Object_Login/set_text_password'

2022-05-15 06:41:52 - [MESSAGE][WARNING] - Timeout '0' is invalid. Using default page load timeout: '30'

2022-05-15 06:41:53 - [MESSAGE][PASSED] - Text '123123bandung' has been set to element 'Object Repository/Object_Login/set_text_password'

2022-05-15 06:41:53 - [TEST_STEP][PASSED] - tap(findTestObject("Object_Login/submit_login_btn"), 0): Tapped on element 'Object Repository/Object_Login/submit_login_btn'

2022-05-15 06:41:53 - [MESSAGE][WARNING] - Timeout '0' is invalid. Using default page load timeout: '30'

2022-05-15 06:41:54 - [MESSAGE][PASSED] - Tapped on element 'Object Repository/Object_Login/submit_login_btn'

2022-05-15 06:41:54 - [TEST_STEP][PASSED] - startApplication("C:\Users\Hans-Mustofa\Documents\alta-online-shop.apk", false): Started app at: 'C:\Users\Hans-Mustofa\Documents\alta-online-shop.apk'

2022-05-15 06:42:06 - [MESSAGE][PASSED] - Started app at: 'C:\Users\Hans-Mustofa\Documents\alta-online-shop.apk'

2022-05-15 06:42:06 - [TEST_STEP][PASSED] - tap(findTestObject("Object_Register/goto_Login_btn"), 0): Tapped on element 'Object Repository/Object_Register/goto_Login_btn'

2022-05-15 06:42:07 - [MESSAGE][WARNING] - Timeout '0' is invalid. Using default page load timeout: '30'

2022-05-15 06:42:07 - [MESSAGE][PASSED] - Tapped on element 'Object Repository/Object_Register/goto_Login_btn'

2022-05-15 06:42:07 - [TEST_STEP][PASSED] - tap(findTestObject("Object_Login/tap_email"), 0): Tapped on element 'Object Repository/Object_Login/tap_email'

2022-05-15 06:42:07 - [MESSAGE][WARNING] - Timeout '0' is invalid. Using default page load timeout: '30'

2022-05-15 06:42:08 - [MESSAGE][PASSED] - Tapped on element 'Object Repository/Object_Login/tap_email'

2022-05-15 06:42:08 - [TEST_STEP][PASSED] - setText(findTestObject("Object_Login/set_text_email"), "hans@email.com", 0): Text 'hans@email.com' has been set to element 'Object Repository/Object_Login/set_text_email'

2022-05-15 06:42:09 - [MESSAGE][WARNING] - Timeout '0' is invalid. Using default page load timeout: '30'

2022-05-15 06:42:10 - [MESSAGE][PASSED] - Text 'hans@email.com' has been set to element 'Object Repository/Object_Login/set_text_email'

2022-05-15 06:42:10 - [TEST_STEP][PASSED] - tap(findTestObject("Object_Login/tap_password"), 0): Tapped on element 'Object Repository/Object_Login/tap_password'

2022-05-15 06:42:10 - [MESSAGE][WARNING] - Timeout '0' is invalid. Using default page load timeout: '30'

2022-05-15 06:42:10 - [MESSAGE][PASSED] - Tapped on element 'Object Repository/Object_Login/tap_password'

2022-05-15 06:42:10 - [TEST_STEP][PASSED] - setText(findTestObject("Object_Login/set_text_password"), "123123bandung", 0): Text '123123bandung' has been set to element 'Object Repository/Object_Login/set_text_password'

2022-05-15 06:42:11 - [MESSAGE][WARNING] - Timeout '0' is invalid. Using default page load timeout: '30'

2022-05-15 06:42:11 - [MESSAGE][PASSED] - Text '123123bandung' has been set to element 'Object Repository/Object_Login/set_text_password'

2022-05-15 06:42:11 - [TEST_STEP][PASSED] - tap(findTestObject("Object_Login/submit_login_btn"), 0): Tapped on element 'Object Repository/Object_Login/submit_login_btn'

2022-05-15 06:42:11 - [MESSAGE][WARNING] - Timeout '0' is invalid. Using default page load timeout: '30'

2022-05-15 06:42:12 - [MESSAGE][PASSED] - Tapped on element 'Object Repository/Object_Login/submit_login_btn'

2022-05-15 06:42:12 - [TEST_STEP][PASSED] - startApplication("C:\Users\Hans-Mustofa\Documents\alta-online-shop.apk", false): Started app at: 'C:\Users\Hans-Mustofa\Documents\alta-online-shop.apk'

2022-05-15 06:42:24 - [MESSAGE][PASSED] - Started app at: 'C:\Users\Hans-Mustofa\Documents\alta-online-shop.apk'

2022-05-15 06:42:24 - [TEST_STEP][PASSED] - tap(findTestObject("Object_Register/goto_Login_btn"), 0): Tapped on element 'Object Repository/Object_Register/goto_Login_btn'

2022-05-15 06:42:24 - [MESSAGE][WARNING] - Timeout '0' is invalid. Using default page load timeout: '30'

2022-05-15 06:42:24 - [MESSAGE][PASSED] - Tapped on element 'Object Repository/Object_Register/goto_Login_btn'

2022-05-15 06:42:24 - [TEST_STEP][PASSED] - tap(findTestObject("Object_Login/tap_email"), 0): Tapped on element 'Object Repository/Object_Login/tap_email'

2022-05-15 06:42:24 - [MESSAGE][WARNING] - Timeout '0' is invalid. Using default page load timeout: '30'

2022-05-15 06:42:25 - [MESSAGE][PASSED] - Tapped on element 'Object Repository/Object_Login/tap_email'

2022-05-15 06:42:25 - [TEST_STEP][PASSED] - setText(findTestObject("Object_Login/set_text_email"), "hans@email.com", 0): Text 'hans@email.com' has been set to element 'Object Repository/Object_Login/set_text_email'

2022-05-15 06:42:26 - [MESSAGE][WARNING] - Timeout '0' is invalid. Using default page load timeout: '30'

2022-05-15 06:42:27 - [MESSAGE][PASSED] - Text 'hans@email.com' has been set to element 'Object Repository/Object_Login/set_text_email'

2022-05-15 06:42:27 - [TEST_STEP][PASSED] - tap(findTestObject("Object_Login/tap_password"), 0): Tapped on element 'Object Repository/Object_Login/tap_password'

2022-05-15 06:42:27 - [MESSAGE][WARNING] - Timeout '0' is invalid. Using default page load timeout: '30'

2022-05-15 06:42:27 - [MESSAGE][PASSED] - Tapped on element 'Object Repository/Object_Login/tap_password'

2022-05-15 06:42:27 - [TEST_STEP][PASSED] - setText(findTestObject("Object_Login/set_text_password"), "123123bandung", 0): Text '123123bandung' has been set to element 'Object Repository/Object_Login/set_text_password'

2022-05-15 06:42:27 - [MESSAGE][WARNING] - Timeout '0' is invalid. Using default page load timeout: '30'

2022-05-15 06:42:28 - [MESSAGE][PASSED] - Text '123123bandung' has been set to element 'Object Repository/Object_Login/set_text_password'

2022-05-15 06:42:28 - [TEST_STEP][PASSED] - tap(findTestObject("Object_Login/submit_login_btn"), 0): Tapped on element 'Object Repository/Object_Login/submit_login_btn'

2022-05-15 06:42:28 - [MESSAGE][WARNING] - Timeout '0' is invalid. Using default page load timeout: '30'

2022-05-15 06:42:29 - [MESSAGE][PASSED] - Tapped on element 'Object Repository/Object_Login/submit_login_btn'

2022-05-15 06:42:29 - [TEST_STEP][PASSED] - startApplication("C:\Users\Hans-Mustofa\Documents\alta-online-shop.apk", false): Started app at: 'C:\Users\Hans-Mustofa\Documents\alta-online-shop.apk'

2022-05-15 06:42:41 - [MESSAGE][PASSED] - Started app at: 'C:\Users\Hans-Mustofa\Documents\alta-online-shop.apk'

2022-05-15 06:42:41 - [TEST_STEP][PASSED] - tap(findTestObject("Object_Register/goto_Login_btn"), 0): Tapped on element 'Object Repository/Object_Register/goto_Login_btn'

2022-05-15 06:42:41 - [MESSAGE][WARNING] - Timeout '0' is invalid. Using default page load timeout: '30'

2022-05-15 06:42:42 - [MESSAGE][PASSED] - Tapped on element 'Object Repository/Object_Register/goto_Login_btn'

2022-05-15 06:42:42 - [TEST_STEP][PASSED] - tap(findTestObject("Object_Login/tap_email"), 0): Tapped on element 'Object Repository/Object_Login/tap_email'

2022-05-15 06:42:42 - [MESSAGE][WARNING] - Timeout '0' is invalid. Using default page load timeout: '30'

2022-05-15 06:42:43 - [MESSAGE][PASSED] - Tapped on element 'Object Repository/Object_Login/tap_email'

2022-05-15 06:42:43 - [TEST_STEP][PASSED] - setText(findTestObject("Object_Login/set_text_email"), "hans@email.com", 0): Text 'hans@email.com' has been set to element 'Object Repository/Object_Login/set_text_email'

2022-05-15 06:42:43 - [MESSAGE][WARNING] - Timeout '0' is invalid. Using default page load timeout: '30'

2022-05-15 06:42:44 - [MESSAGE][PASSED] - Text 'hans@email.com' has been set to element 'Object Repository/Object_Login/set_text_email'

2022-05-15 06:42:44 - [TEST_STEP][PASSED] - tap(findTestObject("Object_Login/tap_password"), 0): Tapped on element 'Object Repository/Object_Login/tap_password'

2022-05-15 06:42:44 - [MESSAGE][WARNING] - Timeout '0' is invalid. Using default page load timeout: '30'

2022-05-15 06:42:45 - [MESSAGE][PASSED] - Tapped on element 'Object Repository/Object_Login/tap_password'

2022-05-15 06:42:45 - [TEST_STEP][PASSED] - setText(findTestObject("Object_Login/set_text_password"), "123123bandung", 0): Text '123123bandung' has been set to element 'Object Repository/Object_Login/set_text_password'

2022-05-15 06:42:45 - [MESSAGE][WARNING] - Timeout '0' is invalid. Using default page load timeout: '30'

2022-05-15 06:42:46 - [MESSAGE][PASSED] - Text '123123bandung' has been set to element 'Object Repository/Object_Login/set_text_password'

2022-05-15 06:42:46 - [TEST_STEP][PASSED] - tap(findTestObject("Object_Login/submit_login_btn"), 0): Tapped on element 'Object Repository/Object_Login/submit_login_btn'

2022-05-15 06:42:46 - [MESSAGE][WARNING] - Timeout '0' is invalid. Using default page load timeout: '30'

2022-05-15 06:42:48 - [MESSAGE][PASSED] - Tapped on element 'Object Repository/Object_Login/submit_login_btn'

2022-05-15 06:42:48 - [TEST_STEP][PASSED] - startApplication("C:\Users\Hans-Mustofa\Documents\alta-online-shop.apk", false): Started app at: 'C:\Users\Hans-Mustofa\Documents\alta-online-shop.apk'

2022-05-15 06:43:00 - [MESSAGE][PASSED] - Started app at: 'C:\Users\Hans-Mustofa\Documents\alta-online-shop.apk'

2022-05-15 06:43:00 - [TEST_STEP][PASSED] - tap(findTestObject("Object_Register/goto_Login_btn"), 0): Tapped on element 'Object Repository/Object_Register/goto_Login_btn'

2022-05-15 06:43:00 - [MESSAGE][WARNING] - Timeout '0' is invalid. Using default page load timeout: '30'

2022-05-15 06:43:00 - [MESSAGE][PASSED] - Tapped on element 'Object Repository/Object_Register/goto_Login_btn'

2022-05-15 06:43:00 - [TEST_STEP][PASSED] - tap(findTestObject("Object_Login/tap_email"), 0): Tapped on element 'Object Repository/Object_Login/tap_email'

2022-05-15 06:43:00 - [MESSAGE][WARNING] - Timeout '0' is invalid. Using default page load timeout: '30'

2022-05-15 06:43:02 - [MESSAGE][PASSED] - Tapped on element 'Object Repository/Object_Login/tap_email'

2022-05-15 06:43:02 - [TEST_STEP][PASSED] - setText(findTestObject("Object_Login/set_text_email"), "hans@email.com", 0): Text 'hans@email.com' has been set to element 'Object Repository/Object_Login/set_text_email'

2022-05-15 06:43:02 - [MESSAGE][WARNING] - Timeout '0' is invalid. Using default page load timeout: '30'

2022-05-15 06:43:03 - [MESSAGE][PASSED] - Text 'hans@email.com' has been set to element 'Object Repository/Object_Login/set_text_email'

2022-05-15 06:43:03 - [TEST_STEP][PASSED] - tap(findTestObject("Object_Login/tap_password"), 0): Tapped on element 'Object Repository/Object_Login/tap_password'

2022-05-15 06:43:03 - [MESSAGE][WARNING] - Timeout '0' is invalid. Using default page load timeout: '30'

2022-05-15 06:43:04 - [MESSAGE][PASSED] - Tapped on element 'Object Repository/Object_Login/tap_password'

2022-05-15 06:43:04 - [TEST_STEP][PASSED] - setText(findTestObject("Object_Login/set_text_password"), "123123bandung", 0): Text '123123bandung' has been set to element 'Object Repository/Object_Login/set_text_password'

2022-05-15 06:43:04 - [MESSAGE][WARNING] - Timeout '0' is invalid. Using default page load timeout: '30'

2022-05-15 06:43:04 - [MESSAGE][PASSED] - Text '123123bandung' has been set to element 'Object Repository/Object_Login/set_text_password'

2022-05-15 06:43:04 - [TEST_STEP][PASSED] - tap(findTestObject("Object_Login/submit_login_btn"), 0): Tapped on element 'Object Repository/Object_Login/submit_login_btn'

2022-05-15 06:43:05 - [MESSAGE][WARNING] - Timeout '0' is invalid. Using default page load timeout: '30'

2022-05-15 06:43:06 - [MESSAGE][PASSED] - Tapped on element 'Object Repository/Object_Login/submit_login_btn'

2022-05-15 06:43:06 - [TEST_STEP][PASSED] - startApplication("C:\Users\Hans-Mustofa\Documents\alta-online-shop.apk", false): Started app at: 'C:\Users\Hans-Mustofa\Documents\alta-online-shop.apk'

2022-05-15 06:43:18 - [MESSAGE][PASSED] - Started app at: 'C:\Users\Hans-Mustofa\Documents\alta-online-shop.apk'

2022-05-15 06:43:18 - [TEST_STEP][PASSED] - tap(findTestObject("Object_Register/goto_Login_btn"), 0): Tapped on element 'Object Repository/Object_Register/goto_Login_btn'

2022-05-15 06:43:18 - [MESSAGE][WARNING] - Timeout '0' is invalid. Using default page load timeout: '30'

2022-05-15 06:43:19 - [MESSAGE][PASSED] - Tapped on element 'Object Repository/Object_Register/goto_Login_btn'

2022-05-15 06:43:19 - [TEST_STEP][PASSED] - tap(findTestObject("Object_Login/tap_email"), 0): Tapped on element 'Object Repository/Object_Login/tap_email'

2022-05-15 06:43:19 - [MESSAGE][WARNING] - Timeout '0' is invalid. Using default page load timeout: '30'

2022-05-15 06:43:21 - [MESSAGE][PASSED] - Tapped on element 'Object Repository/Object_Login/tap_email'

2022-05-15 06:43:21 - [TEST_STEP][PASSED] - setText(findTestObject("Object_Login/set_text_email"), "hans@email.com", 0): Text 'hans@email.com' has been set to element 'Object Repository/Object_Login/set_text_email'

2022-05-15 06:43:21 - [MESSAGE][WARNING] - Timeout '0' is invalid. Using default page load timeout: '30'

2022-05-15 06:43:22 - [MESSAGE][PASSED] - Text 'hans@email.com' has been set to element 'Object Repository/Object_Login/set_text_email'

2022-05-15 06:43:22 - [TEST_STEP][PASSED] - tap(findTestObject("Object_Login/tap_password"), 0): Tapped on element 'Object Repository/Object_Login/tap_password'

2022-05-15 06:43:22 - [MESSAGE][WARNING] - Timeout '0' is invalid. Using default page load timeout: '30'

2022-05-15 06:43:23 - [MESSAGE][PASSED] - Tapped on element 'Object Repository/Object_Login/tap_password'

2022-05-15 06:43:23 - [TEST_STEP][PASSED] - setText(findTestObject("Object_Login/set_text_password"), "123123bandung", 0): Text '123123bandung' has been set to element 'Object Repository/Object_Login/set_text_password'

2022-05-15 06:43:23 - [MESSAGE][WARNING] - Timeout '0' is invalid. Using default page load timeout: '30'

2022-05-15 06:43:24 - [MESSAGE][PASSED] - Text '123123bandung' has been set to element 'Object Repository/Object_Login/set_text_password'

2022-05-15 06:43:24 - [TEST_STEP][PASSED] - tap(findTestObject("Object_Login/submit_login_btn"), 0): Tapped on element 'Object Repository/Object_Login/submit_login_btn'

2022-05-15 06:43:24 - [MESSAGE][WARNING] - Timeout '0' is invalid. Using default page load timeout: '30'

2022-05-15 06:43:24 - [MESSAGE][PASSED] - Tapped on element 'Object Repository/Object_Login/submit_login_btn']]></system-out>
         <system-err><![CDATA[]]></system-err>
      </testcase>
      <system-out><![CDATA[2022-05-15 06:38:39 - [TEST_SUITE][PASSED] - Negative_Test_Suite: Test Cases/Negative_Test_Case/TC02_Login_Negative]]></system-out>
      <system-err><![CDATA[]]></system-err>
   </testsuite>
</testsuites>
